<?xml version="1.0" encoding="UTF-8"?>
<!-- Generated by org.testng.reporters.JUnitReportReporter -->
<testsuite hostname="DESKTOP-VIN5NT0" failures="0" tests="1" name="tests.TextBoxTest" time="76.312" errors="0" timestamp="2025-10-24T14:58:35 IST" skipped="0">
  <testcase classname="tests.TextBoxTest" name="testTextBoxForm" time="76.312"/>
</testsuite> <!-- tests.TextBoxTest -->
